\BOOKMARK [0][-]{part.1}{I Tema 1. Introducci\363n a los problemas del an\341lisis Num\351rico}{}% 1
\BOOKMARK [1][-]{section.1.1}{Introducci\363n a los m\351todos num\351ricos: algoritmo}{part.1}% 2
\BOOKMARK [2][-]{subsection.1.1.1}{Espacios normados}{section.1.1}% 3
\BOOKMARK [2][-]{subsection.1.1.2}{Problemas bien planteados. Estabilidad}{section.1.1}% 4
\BOOKMARK [2][-]{subsection.1.1.3}{Algoritmos. Algoritmo PageRank de Google}{section.1.1}% 5
\BOOKMARK [1][-]{section.1.2}{Errores de redondeo. Iteradores}{part.1}% 6
\BOOKMARK [2][-]{subsection.1.2.1}{Sistema posicional y n\372meros m\341quina}{section.1.2}% 7
\BOOKMARK [2][-]{subsection.1.2.2}{Redondeo en sistemas de punto flotante y su aritm\351tica}{section.1.2}% 8
\BOOKMARK [0][-]{part.2}{II Tema 2. Resoluci\363n num\351rica de sistemas de ecuaciones lineales}{}% 9
\BOOKMARK [1][-]{section.2.1}{M\351todos directos: Gauss y versiones, factorizaci\363n de matrices}{part.2}% 10
\BOOKMARK [2][-]{subsection.2.1.1}{Sistemas triangulares}{section.2.1}% 11
\BOOKMARK [2][-]{subsection.2.1.2}{M\351todos de Gauss y Gauss-Jordan. Pivotaje}{section.2.1}% 12
\BOOKMARK [2][-]{subsection.2.1.3}{M\351todos de factorizaci\363n}{section.2.1}% 13
\BOOKMARK [1][-]{section.2.2}{M\351todos iterativos: m\351todos de Jacobi y Gauss-Seidel}{part.2}% 14
\BOOKMARK [2][-]{subsection.2.2.1}{M\351todos iterativos: convergencia y consistencia}{section.2.2}% 15
\BOOKMARK [2][-]{subsection.2.2.2}{Generaci\363n de m\351todos iterativos. Jacobi y Gauss-Seidel}{section.2.2}% 16
\BOOKMARK [1][-]{section.2.3}{An\341lisis de error}{part.2}% 17
\BOOKMARK [0][-]{part.3}{III Tema 3. Interpolaci\363n}{}% 18
\BOOKMARK [1][-]{section.3.1}{Interpolaci\363n polin\363mica: Lagrange y Newton. Error de interpolaci\363n}{part.3}% 19
\BOOKMARK [2][-]{subsection.3.1.1}{Polinomio de interpolaci\363n tipo Lagrange}{section.3.1}% 20
\BOOKMARK [2][-]{subsection.3.1.2}{Forma de Newton del polinomio de interpolaci\363n}{section.3.1}% 21
\BOOKMARK [2][-]{subsection.3.1.3}{Error de interpolaci\363n. Convergencia y estabilidad. Polinomios de Chebyshev}{section.3.1}% 22
\BOOKMARK [2][-]{subsection.3.1.4}{Otros problemas de interpolaci\363n: Hermite y caso general}{section.3.1}% 23
\BOOKMARK [1][-]{section.3.2}{Interpolaci\363n mediante funciones splines}{part.3}% 24
\BOOKMARK [2][-]{subsection.3.2.1}{Funciones splines lineales}{section.3.2}% 25
\BOOKMARK [2][-]{subsection.3.2.2}{Funciones splines c\372bicas}{section.3.2}% 26
\BOOKMARK [0][-]{part.4}{IV Tema 4. Aproximaci\363n}{}% 27
\BOOKMARK [1][-]{section.4.1}{Aproximaci\363n por m\355nimos cuadrados discreta y continua}{part.4}% 28
\BOOKMARK [2][-]{subsection.4.1.1}{Principio del m\355nimo}{section.4.1}% 29
\BOOKMARK [2][-]{subsection.4.1.2}{Aproximaci\363n por m\355nimos cuadrados discreta}{section.4.1}% 30
\BOOKMARK [2][-]{subsection.4.1.3}{Aproximaci\363n por m\355nimos cuadrados general: caso continuo}{section.4.1}% 31
